2021-02-18 21:04:30,205 0      [           main] INFO  ClassPathXmlApplicationContext  - Refreshing org.springframework.context.support.ClassPathXmlApplicationContext@31b7dea0: startup date [Thu Feb 18 21:04:30 CST 2021]; root of context hierarchy
2021-02-18 21:04:30,300 95     [           main] INFO  ry.xml.XmlBeanDefinitionReader  - Loading XML bean definitions from class path resource [spring/spring-core.xml]
2021-02-18 21:04:31,158 953    [           main] INFO  tySourcesPlaceholderConfigurer  - Loading properties file from class path resource [druid.properties]
2021-02-18 21:04:32,538 2333   [           main] INFO  aba.druid.pool.DruidDataSource  - {dataSource-1} inited
2021-02-18 21:04:32,897 2692   [           main] WARN  ClassPathXmlApplicationContext  - Exception encountered during context initialization - cancelling refresh attempt
org.springframework.beans.factory.BeanCreationException: Error creating bean with name 'sqlSessionFactory' defined in class path resource [spring/spring-core.xml]: Invocation of init method failed; nested exception is org.springframework.core.NestedIOException: Failed to parse config resource: class path resource [mybatis-config.xml]; nested exception is org.apache.ibatis.builder.BuilderException: Error parsing SQL Mapper Configuration. Cause: org.apache.ibatis.builder.BuilderException: Error resolving class. Cause: org.apache.ibatis.type.TypeException: Could not resolve type alias ''.  Cause: java.lang.ClassNotFoundException: Cannot find class: 
	at org.springframework.beans.factory.support.AbstractAutowireCapableBeanFactory.initializeBean(AbstractAutowireCapableBeanFactory.java:1574)
	at org.springframework.beans.factory.support.AbstractAutowireCapableBeanFactory.doCreateBean(AbstractAutowireCapableBeanFactory.java:539)
	at org.springframework.beans.factory.support.AbstractAutowireCapableBeanFactory.createBean(AbstractAutowireCapableBeanFactory.java:476)
	at org.springframework.beans.factory.support.AbstractBeanFactory$1.getObject(AbstractBeanFactory.java:303)
	at org.springframework.beans.factory.support.DefaultSingletonBeanRegistry.getSingleton(DefaultSingletonBeanRegistry.java:230)
	at org.springframework.beans.factory.support.AbstractBeanFactory.doGetBean(AbstractBeanFactory.java:299)
	at org.springframework.beans.factory.support.AbstractBeanFactory.getBean(AbstractBeanFactory.java:194)
	at org.springframework.beans.factory.support.DefaultListableBeanFactory.preInstantiateSingletons(DefaultListableBeanFactory.java:736)
	at org.springframework.context.support.AbstractApplicationContext.finishBeanFactoryInitialization(AbstractApplicationContext.java:757)
	at org.springframework.context.support.AbstractApplicationContext.refresh(AbstractApplicationContext.java:480)
	at org.springframework.context.support.ClassPathXmlApplicationContext.<init>(ClassPathXmlApplicationContext.java:139)
	at org.springframework.context.support.ClassPathXmlApplicationContext.<init>(ClassPathXmlApplicationContext.java:83)
	at Test_spring.test1(Test_spring.java:9)
	at sun.reflect.NativeMethodAccessorImpl.invoke0(Native Method)
	at sun.reflect.NativeMethodAccessorImpl.invoke(NativeMethodAccessorImpl.java:62)
	at sun.reflect.DelegatingMethodAccessorImpl.invoke(DelegatingMethodAccessorImpl.java:43)
	at java.lang.reflect.Method.invoke(Method.java:498)
	at org.junit.runners.model.FrameworkMethod$1.runReflectiveCall(FrameworkMethod.java:47)
	at org.junit.internal.runners.model.ReflectiveCallable.run(ReflectiveCallable.java:12)
	at org.junit.runners.model.FrameworkMethod.invokeExplosively(FrameworkMethod.java:44)
	at org.junit.internal.runners.statements.InvokeMethod.evaluate(InvokeMethod.java:17)
	at org.junit.runners.ParentRunner.runLeaf(ParentRunner.java:271)
	at org.junit.runners.BlockJUnit4ClassRunner.runChild(BlockJUnit4ClassRunner.java:70)
	at org.junit.runners.BlockJUnit4ClassRunner.runChild(BlockJUnit4ClassRunner.java:50)
	at org.junit.runners.ParentRunner$3.run(ParentRunner.java:238)
	at org.junit.runners.ParentRunner$1.schedule(ParentRunner.java:63)
	at org.junit.runners.ParentRunner.runChildren(ParentRunner.java:236)
	at org.junit.runners.ParentRunner.access$000(ParentRunner.java:53)
	at org.junit.runners.ParentRunner$2.evaluate(ParentRunner.java:229)
	at org.junit.runners.ParentRunner.run(ParentRunner.java:309)
	at org.junit.runner.JUnitCore.run(JUnitCore.java:160)
	at com.intellij.junit4.JUnit4IdeaTestRunner.startRunnerWithArgs(JUnit4IdeaTestRunner.java:68)
	at com.intellij.rt.junit.IdeaTestRunner$Repeater.startRunnerWithArgs(IdeaTestRunner.java:33)
	at com.intellij.rt.junit.JUnitStarter.prepareStreamsAndStart(JUnitStarter.java:230)
	at com.intellij.rt.junit.JUnitStarter.main(JUnitStarter.java:58)
Caused by: org.springframework.core.NestedIOException: Failed to parse config resource: class path resource [mybatis-config.xml]; nested exception is org.apache.ibatis.builder.BuilderException: Error parsing SQL Mapper Configuration. Cause: org.apache.ibatis.builder.BuilderException: Error resolving class. Cause: org.apache.ibatis.type.TypeException: Could not resolve type alias ''.  Cause: java.lang.ClassNotFoundException: Cannot find class: 
	at org.mybatis.spring.SqlSessionFactoryBean.buildSqlSessionFactory(SqlSessionFactoryBean.java:499)
	at org.mybatis.spring.SqlSessionFactoryBean.afterPropertiesSet(SqlSessionFactoryBean.java:381)
	at org.springframework.beans.factory.support.AbstractAutowireCapableBeanFactory.invokeInitMethods(AbstractAutowireCapableBeanFactory.java:1633)
	at org.springframework.beans.factory.support.AbstractAutowireCapableBeanFactory.initializeBean(AbstractAutowireCapableBeanFactory.java:1570)
	... 34 more
Caused by: org.apache.ibatis.builder.BuilderException: Error parsing SQL Mapper Configuration. Cause: org.apache.ibatis.builder.BuilderException: Error resolving class. Cause: org.apache.ibatis.type.TypeException: Could not resolve type alias ''.  Cause: java.lang.ClassNotFoundException: Cannot find class: 
	at org.apache.ibatis.builder.xml.XMLConfigBuilder.parseConfiguration(XMLConfigBuilder.java:115)
	at org.apache.ibatis.builder.xml.XMLConfigBuilder.parse(XMLConfigBuilder.java:95)
	at org.mybatis.spring.SqlSessionFactoryBean.buildSqlSessionFactory(SqlSessionFactoryBean.java:493)
	... 37 more
Caused by: org.apache.ibatis.builder.BuilderException: Error resolving class. Cause: org.apache.ibatis.type.TypeException: Could not resolve type alias ''.  Cause: java.lang.ClassNotFoundException: Cannot find class: 
	at org.apache.ibatis.builder.BaseBuilder.resolveClass(BaseBuilder.java:118)
	at org.apache.ibatis.builder.xml.XMLConfigBuilder.pluginElement(XMLConfigBuilder.java:148)
	at org.apache.ibatis.builder.xml.XMLConfigBuilder.parseConfiguration(XMLConfigBuilder.java:104)
	... 39 more
Caused by: org.apache.ibatis.type.TypeException: Could not resolve type alias ''.  Cause: java.lang.ClassNotFoundException: Cannot find class: 
	at org.apache.ibatis.type.TypeAliasRegistry.resolveAlias(TypeAliasRegistry.java:120)
	at org.apache.ibatis.builder.BaseBuilder.resolveAlias(BaseBuilder.java:149)
	at org.apache.ibatis.builder.BaseBuilder.resolveClass(BaseBuilder.java:116)
	... 41 more
Caused by: java.lang.ClassNotFoundException: Cannot find class: 
	at org.apache.ibatis.io.ClassLoaderWrapper.classForName(ClassLoaderWrapper.java:200)
	at org.apache.ibatis.io.ClassLoaderWrapper.classForName(ClassLoaderWrapper.java:89)
	at org.apache.ibatis.io.Resources.classForName(Resources.java:261)
	at org.apache.ibatis.type.TypeAliasRegistry.resolveAlias(TypeAliasRegistry.java:116)
	... 43 more
2021-02-18 21:04:32,907 2702   [           main] INFO  aba.druid.pool.DruidDataSource  - {dataSource-1} closed
2021-02-18 21:09:21,185 0      [           main] INFO  ClassPathXmlApplicationContext  - Refreshing org.springframework.context.support.ClassPathXmlApplicationContext@31b7dea0: startup date [Thu Feb 18 21:09:21 CST 2021]; root of context hierarchy
2021-02-18 21:09:21,266 81     [           main] INFO  ry.xml.XmlBeanDefinitionReader  - Loading XML bean definitions from class path resource [spring/spring-core.xml]
2021-02-18 21:09:21,859 674    [           main] INFO  tySourcesPlaceholderConfigurer  - Loading properties file from class path resource [druid.properties]
2021-02-18 21:09:22,575 1390   [           main] INFO  aba.druid.pool.DruidDataSource  - {dataSource-1} inited
2021-02-18 21:09:22,806 1621   [           main] WARN  ClassPathXmlApplicationContext  - Exception encountered during context initialization - cancelling refresh attempt
org.springframework.beans.factory.BeanCreationException: Error creating bean with name 'sqlSessionFactory' defined in class path resource [spring/spring-core.xml]: Invocation of init method failed; nested exception is org.springframework.core.NestedIOException: Failed to parse config resource: class path resource [mybatis-config.xml]; nested exception is org.apache.ibatis.builder.BuilderException: Error parsing SQL Mapper Configuration. Cause: org.apache.ibatis.builder.BuilderException: Error resolving class. Cause: org.apache.ibatis.type.TypeException: Could not resolve type alias ''.  Cause: java.lang.ClassNotFoundException: Cannot find class: 
	at org.springframework.beans.factory.support.AbstractAutowireCapableBeanFactory.initializeBean(AbstractAutowireCapableBeanFactory.java:1574)
	at org.springframework.beans.factory.support.AbstractAutowireCapableBeanFactory.doCreateBean(AbstractAutowireCapableBeanFactory.java:539)
	at org.springframework.beans.factory.support.AbstractAutowireCapableBeanFactory.createBean(AbstractAutowireCapableBeanFactory.java:476)
	at org.springframework.beans.factory.support.AbstractBeanFactory$1.getObject(AbstractBeanFactory.java:303)
	at org.springframework.beans.factory.support.DefaultSingletonBeanRegistry.getSingleton(DefaultSingletonBeanRegistry.java:230)
	at org.springframework.beans.factory.support.AbstractBeanFactory.doGetBean(AbstractBeanFactory.java:299)
	at org.springframework.beans.factory.support.AbstractBeanFactory.getBean(AbstractBeanFactory.java:194)
	at org.springframework.beans.factory.support.DefaultListableBeanFactory.preInstantiateSingletons(DefaultListableBeanFactory.java:736)
	at org.springframework.context.support.AbstractApplicationContext.finishBeanFactoryInitialization(AbstractApplicationContext.java:757)
	at org.springframework.context.support.AbstractApplicationContext.refresh(AbstractApplicationContext.java:480)
	at org.springframework.context.support.ClassPathXmlApplicationContext.<init>(ClassPathXmlApplicationContext.java:139)
	at org.springframework.context.support.ClassPathXmlApplicationContext.<init>(ClassPathXmlApplicationContext.java:83)
	at Test_spring.test1(Test_spring.java:9)
	at sun.reflect.NativeMethodAccessorImpl.invoke0(Native Method)
	at sun.reflect.NativeMethodAccessorImpl.invoke(NativeMethodAccessorImpl.java:62)
	at sun.reflect.DelegatingMethodAccessorImpl.invoke(DelegatingMethodAccessorImpl.java:43)
	at java.lang.reflect.Method.invoke(Method.java:498)
	at org.junit.runners.model.FrameworkMethod$1.runReflectiveCall(FrameworkMethod.java:47)
	at org.junit.internal.runners.model.ReflectiveCallable.run(ReflectiveCallable.java:12)
	at org.junit.runners.model.FrameworkMethod.invokeExplosively(FrameworkMethod.java:44)
	at org.junit.internal.runners.statements.InvokeMethod.evaluate(InvokeMethod.java:17)
	at org.junit.runners.ParentRunner.runLeaf(ParentRunner.java:271)
	at org.junit.runners.BlockJUnit4ClassRunner.runChild(BlockJUnit4ClassRunner.java:70)
	at org.junit.runners.BlockJUnit4ClassRunner.runChild(BlockJUnit4ClassRunner.java:50)
	at org.junit.runners.ParentRunner$3.run(ParentRunner.java:238)
	at org.junit.runners.ParentRunner$1.schedule(ParentRunner.java:63)
	at org.junit.runners.ParentRunner.runChildren(ParentRunner.java:236)
	at org.junit.runners.ParentRunner.access$000(ParentRunner.java:53)
	at org.junit.runners.ParentRunner$2.evaluate(ParentRunner.java:229)
	at org.junit.runners.ParentRunner.run(ParentRunner.java:309)
	at org.junit.runner.JUnitCore.run(JUnitCore.java:160)
	at com.intellij.junit4.JUnit4IdeaTestRunner.startRunnerWithArgs(JUnit4IdeaTestRunner.java:68)
	at com.intellij.rt.junit.IdeaTestRunner$Repeater.startRunnerWithArgs(IdeaTestRunner.java:33)
	at com.intellij.rt.junit.JUnitStarter.prepareStreamsAndStart(JUnitStarter.java:230)
	at com.intellij.rt.junit.JUnitStarter.main(JUnitStarter.java:58)
Caused by: org.springframework.core.NestedIOException: Failed to parse config resource: class path resource [mybatis-config.xml]; nested exception is org.apache.ibatis.builder.BuilderException: Error parsing SQL Mapper Configuration. Cause: org.apache.ibatis.builder.BuilderException: Error resolving class. Cause: org.apache.ibatis.type.TypeException: Could not resolve type alias ''.  Cause: java.lang.ClassNotFoundException: Cannot find class: 
	at org.mybatis.spring.SqlSessionFactoryBean.buildSqlSessionFactory(SqlSessionFactoryBean.java:499)
	at org.mybatis.spring.SqlSessionFactoryBean.afterPropertiesSet(SqlSessionFactoryBean.java:381)
	at org.springframework.beans.factory.support.AbstractAutowireCapableBeanFactory.invokeInitMethods(AbstractAutowireCapableBeanFactory.java:1633)
	at org.springframework.beans.factory.support.AbstractAutowireCapableBeanFactory.initializeBean(AbstractAutowireCapableBeanFactory.java:1570)
	... 34 more
Caused by: org.apache.ibatis.builder.BuilderException: Error parsing SQL Mapper Configuration. Cause: org.apache.ibatis.builder.BuilderException: Error resolving class. Cause: org.apache.ibatis.type.TypeException: Could not resolve type alias ''.  Cause: java.lang.ClassNotFoundException: Cannot find class: 
	at org.apache.ibatis.builder.xml.XMLConfigBuilder.parseConfiguration(XMLConfigBuilder.java:115)
	at org.apache.ibatis.builder.xml.XMLConfigBuilder.parse(XMLConfigBuilder.java:95)
	at org.mybatis.spring.SqlSessionFactoryBean.buildSqlSessionFactory(SqlSessionFactoryBean.java:493)
	... 37 more
Caused by: org.apache.ibatis.builder.BuilderException: Error resolving class. Cause: org.apache.ibatis.type.TypeException: Could not resolve type alias ''.  Cause: java.lang.ClassNotFoundException: Cannot find class: 
	at org.apache.ibatis.builder.BaseBuilder.resolveClass(BaseBuilder.java:118)
	at org.apache.ibatis.builder.xml.XMLConfigBuilder.pluginElement(XMLConfigBuilder.java:148)
	at org.apache.ibatis.builder.xml.XMLConfigBuilder.parseConfiguration(XMLConfigBuilder.java:104)
	... 39 more
Caused by: org.apache.ibatis.type.TypeException: Could not resolve type alias ''.  Cause: java.lang.ClassNotFoundException: Cannot find class: 
	at org.apache.ibatis.type.TypeAliasRegistry.resolveAlias(TypeAliasRegistry.java:120)
	at org.apache.ibatis.builder.BaseBuilder.resolveAlias(BaseBuilder.java:149)
	at org.apache.ibatis.builder.BaseBuilder.resolveClass(BaseBuilder.java:116)
	... 41 more
Caused by: java.lang.ClassNotFoundException: Cannot find class: 
	at org.apache.ibatis.io.ClassLoaderWrapper.classForName(ClassLoaderWrapper.java:200)
	at org.apache.ibatis.io.ClassLoaderWrapper.classForName(ClassLoaderWrapper.java:89)
	at org.apache.ibatis.io.Resources.classForName(Resources.java:261)
	at org.apache.ibatis.type.TypeAliasRegistry.resolveAlias(TypeAliasRegistry.java:116)
	... 43 more
2021-02-18 21:09:22,824 1639   [           main] INFO  aba.druid.pool.DruidDataSource  - {dataSource-1} closed
2021-02-18 21:10:24,477 0      [           main] INFO  ClassPathXmlApplicationContext  - Refreshing org.springframework.context.support.ClassPathXmlApplicationContext@31b7dea0: startup date [Thu Feb 18 21:10:24 CST 2021]; root of context hierarchy
2021-02-18 21:10:24,572 95     [           main] INFO  ry.xml.XmlBeanDefinitionReader  - Loading XML bean definitions from class path resource [spring/spring-core.xml]
2021-02-18 21:10:25,057 580    [           main] INFO  tySourcesPlaceholderConfigurer  - Loading properties file from class path resource [druid.properties]
2021-02-18 21:10:25,772 1295   [           main] INFO  aba.druid.pool.DruidDataSource  - {dataSource-1} inited
2021-02-18 21:11:51,262 0      [           main] INFO  ClassPathXmlApplicationContext  - Refreshing org.springframework.context.support.ClassPathXmlApplicationContext@31b7dea0: startup date [Thu Feb 18 21:11:51 CST 2021]; root of context hierarchy
2021-02-18 21:11:51,370 108    [           main] INFO  ry.xml.XmlBeanDefinitionReader  - Loading XML bean definitions from class path resource [spring/spring-core.xml]
2021-02-18 21:11:51,885 623    [           main] INFO  tySourcesPlaceholderConfigurer  - Loading properties file from class path resource [druid.properties]
2021-02-18 21:11:52,604 1342   [           main] INFO  aba.druid.pool.DruidDataSource  - {dataSource-1} inited
2021-02-18 21:21:05,686 0      [           main] INFO  ClassPathXmlApplicationContext  - Refreshing org.springframework.context.support.ClassPathXmlApplicationContext@31b7dea0: startup date [Thu Feb 18 21:21:05 CST 2021]; root of context hierarchy
2021-02-18 21:21:05,769 83     [           main] INFO  ry.xml.XmlBeanDefinitionReader  - Loading XML bean definitions from class path resource [spring/spring-core.xml]
2021-02-18 21:21:06,342 656    [           main] INFO  tySourcesPlaceholderConfigurer  - Loading properties file from class path resource [druid.properties]
2021-02-18 21:21:07,159 1473   [           main] INFO  aba.druid.pool.DruidDataSource  - {dataSource-1} inited
2021-02-20 16:21:59,672 0      [           main] INFO  ClassPathXmlApplicationContext  - Refreshing org.springframework.context.support.ClassPathXmlApplicationContext@1d251891: startup date [Sat Feb 20 16:21:59 CST 2021]; root of context hierarchy
2021-02-20 16:21:59,819 147    [           main] INFO  ry.xml.XmlBeanDefinitionReader  - Loading XML bean definitions from class path resource [spring-core.xml]
2021-02-20 16:22:00,842 1170   [           main] WARN  ClassPathXmlApplicationContext  - Exception encountered during context initialization - cancelling refresh attempt: org.springframework.beans.factory.BeanCreationException: Error creating bean with name 'accountService' defined in file [D:\idea-space\EPMS\target\classes\com\lj\service\impl\AccountServiceImpl.class]: BeanPostProcessor before instantiation of bean failed; nested exception is org.springframework.beans.factory.BeanCreationException: Error creating bean with name 'org.springframework.aop.support.DefaultBeanFactoryPointcutAdvisor#0': Cannot create inner bean '(inner bean)#4d9e68d0' of type [org.springframework.aop.aspectj.AspectJExpressionPointcut] while setting bean property 'pointcut'; nested exception is org.springframework.beans.factory.BeanCreationException: Error creating bean with name '(inner bean)#4d9e68d0': Lookup method resolution failed; nested exception is java.lang.IllegalStateException: Failed to introspect Class [org.springframework.aop.aspectj.AspectJExpressionPointcut] from ClassLoader [sun.misc.Launcher$AppClassLoader@18b4aac2]
2021-02-20 16:22:22,208 0      [           main] INFO  ClassPathXmlApplicationContext  - Refreshing org.springframework.context.support.ClassPathXmlApplicationContext@1d251891: startup date [Sat Feb 20 16:22:22 CST 2021]; root of context hierarchy
2021-02-20 16:22:22,305 97     [           main] INFO  ry.xml.XmlBeanDefinitionReader  - Loading XML bean definitions from class path resource [spring-core.xml]
2021-02-20 16:22:22,905 697    [           main] WARN  ClassPathXmlApplicationContext  - Exception encountered during context initialization - cancelling refresh attempt: org.springframework.beans.factory.BeanCreationException: Error creating bean with name 'accountService' defined in file [D:\idea-space\EPMS\target\classes\com\lj\service\impl\AccountServiceImpl.class]: BeanPostProcessor before instantiation of bean failed; nested exception is org.springframework.beans.factory.BeanCreationException: Error creating bean with name 'org.springframework.aop.support.DefaultBeanFactoryPointcutAdvisor#0': Cannot create inner bean '(inner bean)#4d9e68d0' of type [org.springframework.aop.aspectj.AspectJExpressionPointcut] while setting bean property 'pointcut'; nested exception is org.springframework.beans.factory.BeanCreationException: Error creating bean with name '(inner bean)#4d9e68d0': Lookup method resolution failed; nested exception is java.lang.IllegalStateException: Failed to introspect Class [org.springframework.aop.aspectj.AspectJExpressionPointcut] from ClassLoader [sun.misc.Launcher$AppClassLoader@18b4aac2]
2021-02-20 16:23:13,438 0      [           main] INFO  ClassPathXmlApplicationContext  - Refreshing org.springframework.context.support.ClassPathXmlApplicationContext@1d251891: startup date [Sat Feb 20 16:23:13 CST 2021]; root of context hierarchy
2021-02-20 16:23:13,528 90     [           main] INFO  ry.xml.XmlBeanDefinitionReader  - Loading XML bean definitions from class path resource [spring-core.xml]
2021-02-20 16:23:14,130 692    [           main] WARN  ClassPathXmlApplicationContext  - Exception encountered during context initialization - cancelling refresh attempt: org.springframework.beans.factory.BeanCreationException: Error creating bean with name 'accountService' defined in file [D:\idea-space\EPMS\target\classes\com\lj\service\impl\AccountServiceImpl.class]: BeanPostProcessor before instantiation of bean failed; nested exception is org.springframework.beans.factory.BeanCreationException: Error creating bean with name 'org.springframework.aop.support.DefaultBeanFactoryPointcutAdvisor#0': Cannot create inner bean '(inner bean)#4d9e68d0' of type [org.springframework.aop.aspectj.AspectJExpressionPointcut] while setting bean property 'pointcut'; nested exception is org.springframework.beans.factory.BeanCreationException: Error creating bean with name '(inner bean)#4d9e68d0': Lookup method resolution failed; nested exception is java.lang.IllegalStateException: Failed to introspect Class [org.springframework.aop.aspectj.AspectJExpressionPointcut] from ClassLoader [sun.misc.Launcher$AppClassLoader@18b4aac2]
2021-02-20 16:24:44,485 0      [           main] INFO  ClassPathXmlApplicationContext  - Refreshing org.springframework.context.support.ClassPathXmlApplicationContext@1d251891: startup date [Sat Feb 20 16:24:44 CST 2021]; root of context hierarchy
2021-02-20 16:24:44,558 73     [           main] INFO  ry.xml.XmlBeanDefinitionReader  - Loading XML bean definitions from class path resource [spring-core.xml]
2021-02-20 16:24:45,145 660    [           main] WARN  ClassPathXmlApplicationContext  - Exception encountered during context initialization - cancelling refresh attempt: org.springframework.beans.factory.BeanCreationException: Error creating bean with name 'accountService' defined in file [D:\idea-space\EPMS\target\classes\com\lj\service\impl\AccountServiceImpl.class]: BeanPostProcessor before instantiation of bean failed; nested exception is org.springframework.beans.factory.BeanCreationException: Error creating bean with name 'org.springframework.aop.support.DefaultBeanFactoryPointcutAdvisor#0': Cannot create inner bean '(inner bean)#4d9e68d0' of type [org.springframework.aop.aspectj.AspectJExpressionPointcut] while setting bean property 'pointcut'; nested exception is org.springframework.beans.factory.BeanCreationException: Error creating bean with name '(inner bean)#4d9e68d0': Lookup method resolution failed; nested exception is java.lang.IllegalStateException: Failed to introspect Class [org.springframework.aop.aspectj.AspectJExpressionPointcut] from ClassLoader [sun.misc.Launcher$AppClassLoader@18b4aac2]
2021-02-20 16:31:16,231 0      [           main] INFO  ClassPathXmlApplicationContext  - Refreshing org.springframework.context.support.ClassPathXmlApplicationContext@37574691: startup date [Sat Feb 20 16:31:16 CST 2021]; root of context hierarchy
2021-02-20 16:31:16,452 221    [           main] INFO  ry.xml.XmlBeanDefinitionReader  - Loading XML bean definitions from class path resource [spring-core.xml]
2021-02-20 16:31:18,538 2307   [           main] WARN  ClassPathXmlApplicationContext  - Exception encountered during context initialization - cancelling refresh attempt: org.springframework.beans.factory.BeanCreationException: Error creating bean with name 'accountService' defined in file [D:\idea-space\EPMS\target\classes\com\lj\service\impl\AccountServiceImpl.class]: BeanPostProcessor before instantiation of bean failed; nested exception is org.springframework.beans.factory.BeanCreationException: Error creating bean with name 'org.springframework.aop.support.DefaultBeanFactoryPointcutAdvisor#0': Cannot create inner bean '(inner bean)#68b32e3e' of type [org.springframework.aop.aspectj.AspectJExpressionPointcut] while setting bean property 'pointcut'; nested exception is org.springframework.beans.factory.BeanCreationException: Error creating bean with name '(inner bean)#68b32e3e': Lookup method resolution failed; nested exception is java.lang.IllegalStateException: Failed to introspect Class [org.springframework.aop.aspectj.AspectJExpressionPointcut] from ClassLoader [sun.misc.Launcher$AppClassLoader@18b4aac2]
2021-02-20 16:33:36,427 0      [           main] INFO  ClassPathXmlApplicationContext  - Refreshing org.springframework.context.support.ClassPathXmlApplicationContext@16267862: startup date [Sat Feb 20 16:33:36 CST 2021]; root of context hierarchy
2021-02-20 16:33:36,644 217    [           main] INFO  ry.xml.XmlBeanDefinitionReader  - Loading XML bean definitions from class path resource [spring-core.xml]
2021-02-20 16:33:38,812 2385   [           main] WARN  ClassPathXmlApplicationContext  - Exception encountered during context initialization - cancelling refresh attempt: org.springframework.beans.factory.BeanCreationException: Error creating bean with name 'accountService' defined in file [D:\idea-space\EPMS\target\classes\com\lj\service\impl\AccountServiceImpl.class]: BeanPostProcessor before instantiation of bean failed; nested exception is org.springframework.beans.factory.BeanCreationException: Error creating bean with name 'org.springframework.aop.support.DefaultBeanFactoryPointcutAdvisor#0': Cannot create inner bean '(inner bean)#7d1cfb8b' of type [org.springframework.aop.aspectj.AspectJExpressionPointcut] while setting bean property 'pointcut'; nested exception is org.springframework.beans.factory.BeanCreationException: Error creating bean with name '(inner bean)#7d1cfb8b': Lookup method resolution failed; nested exception is java.lang.IllegalStateException: Failed to introspect Class [org.springframework.aop.aspectj.AspectJExpressionPointcut] from ClassLoader [sun.misc.Launcher$AppClassLoader@18b4aac2]
2021-02-20 16:36:02,793 0      [           main] INFO  ClassPathXmlApplicationContext  - Refreshing org.springframework.context.support.ClassPathXmlApplicationContext@1d251891: startup date [Sat Feb 20 16:36:02 CST 2021]; root of context hierarchy
2021-02-20 16:36:02,914 121    [           main] INFO  ry.xml.XmlBeanDefinitionReader  - Loading XML bean definitions from class path resource [spring-core.xml]
2021-02-20 16:36:03,686 893    [           main] WARN  ClassPathXmlApplicationContext  - Exception encountered during context initialization - cancelling refresh attempt: org.springframework.beans.factory.BeanCreationException: Error creating bean with name 'accountService' defined in file [D:\idea-space\EPMS\target\classes\com\lj\service\impl\AccountServiceImpl.class]: BeanPostProcessor before instantiation of bean failed; nested exception is org.springframework.beans.factory.BeanCreationException: Error creating bean with name 'org.springframework.aop.support.DefaultBeanFactoryPointcutAdvisor#0': Cannot create inner bean '(inner bean)#4d9e68d0' of type [org.springframework.aop.aspectj.AspectJExpressionPointcut] while setting bean property 'pointcut'; nested exception is org.springframework.beans.factory.BeanCreationException: Error creating bean with name '(inner bean)#4d9e68d0': Lookup method resolution failed; nested exception is java.lang.IllegalStateException: Failed to introspect Class [org.springframework.aop.aspectj.AspectJExpressionPointcut] from ClassLoader [sun.misc.Launcher$AppClassLoader@18b4aac2]
2021-02-20 16:38:58,461 0      [           main] INFO  ClassPathXmlApplicationContext  - Refreshing org.springframework.context.support.ClassPathXmlApplicationContext@1d251891: startup date [Sat Feb 20 16:38:58 CST 2021]; root of context hierarchy
2021-02-20 16:38:58,541 80     [           main] INFO  ry.xml.XmlBeanDefinitionReader  - Loading XML bean definitions from class path resource [spring-core.xml]
2021-02-20 16:38:59,228 767    [           main] WARN  ClassPathXmlApplicationContext  - Exception encountered during context initialization - cancelling refresh attempt: org.springframework.beans.factory.BeanCreationException: Error creating bean with name 'accountService' defined in file [D:\idea-space\EPMS\target\classes\com\lj\service\impl\AccountServiceImpl.class]: BeanPostProcessor before instantiation of bean failed; nested exception is org.springframework.beans.factory.BeanCreationException: Error creating bean with name 'org.springframework.aop.support.DefaultBeanFactoryPointcutAdvisor#0': Cannot create inner bean '(inner bean)#4d9e68d0' of type [org.springframework.aop.aspectj.AspectJExpressionPointcut] while setting bean property 'pointcut'; nested exception is org.springframework.beans.factory.BeanCreationException: Error creating bean with name '(inner bean)#4d9e68d0': Lookup method resolution failed; nested exception is java.lang.IllegalStateException: Failed to introspect Class [org.springframework.aop.aspectj.AspectJExpressionPointcut] from ClassLoader [sun.misc.Launcher$AppClassLoader@18b4aac2]
2021-02-20 16:42:11,017 0      [           main] INFO  ClassPathXmlApplicationContext  - Refreshing org.springframework.context.support.ClassPathXmlApplicationContext@1d251891: startup date [Sat Feb 20 16:42:11 CST 2021]; root of context hierarchy
2021-02-20 16:42:11,097 80     [           main] INFO  ry.xml.XmlBeanDefinitionReader  - Loading XML bean definitions from class path resource [spring-core.xml]
2021-02-20 16:42:11,696 679    [           main] WARN  ClassPathXmlApplicationContext  - Exception encountered during context initialization - cancelling refresh attempt: org.springframework.beans.factory.BeanCreationException: Error creating bean with name 'accountService' defined in file [D:\idea-space\EPMS\target\classes\com\lj\service\impl\AccountServiceImpl.class]: BeanPostProcessor before instantiation of bean failed; nested exception is org.springframework.beans.factory.BeanCreationException: Error creating bean with name 'org.springframework.aop.support.DefaultBeanFactoryPointcutAdvisor#0': Cannot create inner bean '(inner bean)#4d9e68d0' of type [org.springframework.aop.aspectj.AspectJExpressionPointcut] while setting bean property 'pointcut'; nested exception is org.springframework.beans.factory.BeanCreationException: Error creating bean with name '(inner bean)#4d9e68d0': Lookup method resolution failed; nested exception is java.lang.IllegalStateException: Failed to introspect Class [org.springframework.aop.aspectj.AspectJExpressionPointcut] from ClassLoader [sun.misc.Launcher$AppClassLoader@18b4aac2]
2021-02-20 16:42:56,256 0      [           main] INFO  ClassPathXmlApplicationContext  - Refreshing org.springframework.context.support.ClassPathXmlApplicationContext@1d251891: startup date [Sat Feb 20 16:42:56 CST 2021]; root of context hierarchy
2021-02-20 16:42:56,344 88     [           main] INFO  ry.xml.XmlBeanDefinitionReader  - Loading XML bean definitions from class path resource [spring-core.xml]
2021-02-20 16:42:56,999 743    [           main] WARN  ClassPathXmlApplicationContext  - Exception encountered during context initialization - cancelling refresh attempt: org.springframework.beans.factory.BeanCreationException: Error creating bean with name 'accountService' defined in file [D:\idea-space\EPMS\target\classes\com\lj\service\impl\AccountServiceImpl.class]: BeanPostProcessor before instantiation of bean failed; nested exception is org.springframework.beans.factory.BeanCreationException: Error creating bean with name 'org.springframework.aop.support.DefaultBeanFactoryPointcutAdvisor#0': Cannot create inner bean '(inner bean)#4d9e68d0' of type [org.springframework.aop.aspectj.AspectJExpressionPointcut] while setting bean property 'pointcut'; nested exception is org.springframework.beans.factory.BeanCreationException: Error creating bean with name '(inner bean)#4d9e68d0': Lookup method resolution failed; nested exception is java.lang.IllegalStateException: Failed to introspect Class [org.springframework.aop.aspectj.AspectJExpressionPointcut] from ClassLoader [sun.misc.Launcher$AppClassLoader@18b4aac2]
2021-02-20 16:45:04,846 0      [           main] INFO  ClassPathXmlApplicationContext  - Refreshing org.springframework.context.support.ClassPathXmlApplicationContext@1d251891: startup date [Sat Feb 20 16:45:04 CST 2021]; root of context hierarchy
2021-02-20 16:45:04,935 89     [           main] INFO  ry.xml.XmlBeanDefinitionReader  - Loading XML bean definitions from class path resource [spring-core.xml]
2021-02-20 16:45:32,432 0      [           main] INFO  ClassPathXmlApplicationContext  - Refreshing org.springframework.context.support.ClassPathXmlApplicationContext@1d251891: startup date [Sat Feb 20 16:45:32 CST 2021]; root of context hierarchy
2021-02-20 16:45:32,512 80     [           main] INFO  ry.xml.XmlBeanDefinitionReader  - Loading XML bean definitions from class path resource [spring-core.xml]
2021-02-20 16:45:33,089 657    [           main] WARN  ClassPathXmlApplicationContext  - Exception encountered during context initialization - cancelling refresh attempt: org.springframework.beans.factory.BeanCreationException: Error creating bean with name 'accountService' defined in file [D:\idea-space\EPMS\target\classes\com\lj\service\impl\AccountServiceImpl.class]: BeanPostProcessor before instantiation of bean failed; nested exception is org.springframework.beans.factory.BeanCreationException: Error creating bean with name 'org.springframework.aop.support.DefaultBeanFactoryPointcutAdvisor#0': Cannot create inner bean '(inner bean)#4d9e68d0' of type [org.springframework.aop.aspectj.AspectJExpressionPointcut] while setting bean property 'pointcut'; nested exception is org.springframework.beans.factory.BeanCreationException: Error creating bean with name '(inner bean)#4d9e68d0': Lookup method resolution failed; nested exception is java.lang.IllegalStateException: Failed to introspect Class [org.springframework.aop.aspectj.AspectJExpressionPointcut] from ClassLoader [sun.misc.Launcher$AppClassLoader@18b4aac2]
2021-03-04 17:42:48,614 0      [           main] INFO  ClassPathXmlApplicationContext  - Refreshing org.springframework.context.support.ClassPathXmlApplicationContext@7f9a81e8: startup date [Thu Mar 04 17:42:48 CST 2021]; root of context hierarchy
2021-03-04 17:42:48,720 106    [           main] INFO  ry.xml.XmlBeanDefinitionReader  - Loading XML bean definitions from class path resource [spring-core.xml]
2021-03-04 17:42:50,361 1747   [           main] INFO  aba.druid.pool.DruidDataSource  - {dataSource-1} inited
2021-06-19 14:20:10,775 0      [           main] INFO  ClassPathXmlApplicationContext  - Refreshing org.springframework.context.support.ClassPathXmlApplicationContext@1e9e725a: startup date [Sat Jun 19 14:20:10 CST 2021]; root of context hierarchy
2021-06-19 14:20:10,962 187    [           main] INFO  ry.xml.XmlBeanDefinitionReader  - Loading XML bean definitions from class path resource [spring-core.xml]
2021-06-19 14:20:13,830 3055   [           main] INFO  aba.druid.pool.DruidDataSource  - {dataSource-1} inited
2021-06-19 14:20:15,106 4331   [           main] INFO  ClassPathXmlApplicationContext  - Closing org.springframework.context.support.ClassPathXmlApplicationContext@1e9e725a: startup date [Sat Jun 19 14:20:10 CST 2021]; root of context hierarchy
2021-06-19 14:20:15,154 4379   [           main] INFO  aba.druid.pool.DruidDataSource  - {dataSource-1} closed
2021-06-19 14:21:34,577 0      [           main] INFO  ClassPathXmlApplicationContext  - Refreshing org.springframework.context.support.ClassPathXmlApplicationContext@1e9e725a: startup date [Sat Jun 19 14:21:34 CST 2021]; root of context hierarchy
2021-06-19 14:21:34,701 124    [           main] INFO  ry.xml.XmlBeanDefinitionReader  - Loading XML bean definitions from class path resource [spring-core.xml]
2021-06-19 14:21:36,606 2029   [           main] INFO  aba.druid.pool.DruidDataSource  - {dataSource-1} inited
2021-06-19 14:21:37,468 2891   [           main] INFO  ClassPathXmlApplicationContext  - Closing org.springframework.context.support.ClassPathXmlApplicationContext@1e9e725a: startup date [Sat Jun 19 14:21:34 CST 2021]; root of context hierarchy
2021-06-19 14:21:37,474 2897   [           main] INFO  aba.druid.pool.DruidDataSource  - {dataSource-1} closed
2021-06-19 14:40:24,781 0      [           main] INFO  ClassPathXmlApplicationContext  - Refreshing org.springframework.context.support.ClassPathXmlApplicationContext@1e9e725a: startup date [Sat Jun 19 14:40:24 CST 2021]; root of context hierarchy
2021-06-19 14:40:24,898 117    [           main] INFO  ry.xml.XmlBeanDefinitionReader  - Loading XML bean definitions from class path resource [spring-core.xml]
2021-06-19 14:40:26,928 2147   [           main] INFO  aba.druid.pool.DruidDataSource  - {dataSource-1} inited
2021-06-19 14:40:27,697 2916   [           main] INFO  ClassPathXmlApplicationContext  - Closing org.springframework.context.support.ClassPathXmlApplicationContext@1e9e725a: startup date [Sat Jun 19 14:40:24 CST 2021]; root of context hierarchy
2021-06-19 14:40:27,706 2925   [           main] INFO  aba.druid.pool.DruidDataSource  - {dataSource-1} closed
2021-06-19 14:42:14,819 0      [           main] INFO  ClassPathXmlApplicationContext  - Refreshing org.springframework.context.support.ClassPathXmlApplicationContext@1e9e725a: startup date [Sat Jun 19 14:42:14 CST 2021]; root of context hierarchy
2021-06-19 14:42:14,926 107    [           main] INFO  ry.xml.XmlBeanDefinitionReader  - Loading XML bean definitions from class path resource [spring-core.xml]
2021-06-19 14:42:17,032 2213   [           main] INFO  aba.druid.pool.DruidDataSource  - {dataSource-1} inited
2021-06-19 14:42:17,923 3104   [           main] INFO  ClassPathXmlApplicationContext  - Closing org.springframework.context.support.ClassPathXmlApplicationContext@1e9e725a: startup date [Sat Jun 19 14:42:14 CST 2021]; root of context hierarchy
2021-06-19 14:42:17,944 3125   [           main] INFO  aba.druid.pool.DruidDataSource  - {dataSource-1} closed
2021-06-19 17:25:17,401 0      [           main] INFO  ClassPathXmlApplicationContext  - Refreshing org.springframework.context.support.ClassPathXmlApplicationContext@1e9e725a: startup date [Sat Jun 19 17:25:17 CST 2021]; root of context hierarchy
2021-06-19 17:25:17,611 210    [           main] INFO  ry.xml.XmlBeanDefinitionReader  - Loading XML bean definitions from class path resource [spring-core.xml]
2021-06-19 17:25:21,081 3680   [           main] INFO  aba.druid.pool.DruidDataSource  - {dataSource-1} inited
2021-06-19 17:25:25,408 8007   [           main] INFO  ClassPathXmlApplicationContext  - Closing org.springframework.context.support.ClassPathXmlApplicationContext@1e9e725a: startup date [Sat Jun 19 17:25:17 CST 2021]; root of context hierarchy
2021-06-19 17:25:25,423 8022   [           main] INFO  aba.druid.pool.DruidDataSource  - {dataSource-1} closed
2021-06-19 17:25:46,169 0      [           main] INFO  ClassPathXmlApplicationContext  - Refreshing org.springframework.context.support.ClassPathXmlApplicationContext@1e9e725a: startup date [Sat Jun 19 17:25:46 CST 2021]; root of context hierarchy
2021-06-19 17:25:46,281 112    [           main] INFO  ry.xml.XmlBeanDefinitionReader  - Loading XML bean definitions from class path resource [spring-core.xml]
2021-06-19 17:25:48,978 2809   [           main] INFO  aba.druid.pool.DruidDataSource  - {dataSource-1} inited
2021-06-19 17:25:49,744 3575   [           main] INFO  ClassPathXmlApplicationContext  - Closing org.springframework.context.support.ClassPathXmlApplicationContext@1e9e725a: startup date [Sat Jun 19 17:25:46 CST 2021]; root of context hierarchy
2021-06-19 17:25:49,753 3584   [           main] INFO  aba.druid.pool.DruidDataSource  - {dataSource-1} closed
